2021-07-26 08:46:07.486  INFO 2696 --- [main] c.l.s.SpringBootDemoApplication          : Starting SpringBootDemoApplication using Java 1.8.0_275 on LeosPC with PID 2696 (C:\Users\hikar\IdeaProjects\spring-boot-demo\target\classes started by hikar in C:\Users\hikar\IdeaProjects\spring-boot-demo)
2021-07-26 08:46:07.488 DEBUG 2696 --- [main] c.l.s.SpringBootDemoApplication          : Running with Spring Boot v2.5.3, Spring v5.3.9
2021-07-26 08:46:07.488  INFO 2696 --- [main] c.l.s.SpringBootDemoApplication          : No active profile set, falling back to default profiles: default
2021-07-26 08:46:08.450  INFO 2696 --- [main] c.l.s.SpringBootDemoApplication          : Started SpringBootDemoApplication in 1.295 seconds (JVM running for 1.892)
2021-07-26 08:46:26.518  INFO 1176 --- [main] c.l.s.SpringBootDemoApplication          : Starting SpringBootDemoApplication using Java 1.8.0_275 on LeosPC with PID 1176 (C:\Users\hikar\IdeaProjects\spring-boot-demo\target\classes started by hikar in C:\Users\hikar\IdeaProjects\spring-boot-demo)
2021-07-26 08:46:26.521 DEBUG 1176 --- [main] c.l.s.SpringBootDemoApplication          : Running with Spring Boot v2.5.3, Spring v5.3.9
2021-07-26 08:46:26.521  INFO 1176 --- [main] c.l.s.SpringBootDemoApplication          : No active profile set, falling back to default profiles: default
2021-07-26 08:46:27.491  INFO 1176 --- [main] c.l.s.SpringBootDemoApplication          : Started SpringBootDemoApplication in 1.31 seconds (JVM running for 1.916)
2021-07-26 08:48:06.202  INFO 10288 --- [main] c.l.s.SpringBootDemoApplication          : Starting SpringBootDemoApplication using Java 1.8.0_275 on LeosPC with PID 10288 (C:\Users\hikar\IdeaProjects\spring-boot-demo\target\classes started by hikar in C:\Users\hikar\IdeaProjects\spring-boot-demo)
2021-07-26 08:48:06.205 DEBUG 10288 --- [main] c.l.s.SpringBootDemoApplication          : Running with Spring Boot v2.5.3, Spring v5.3.9
2021-07-26 08:48:06.205  INFO 10288 --- [main] c.l.s.SpringBootDemoApplication          : No active profile set, falling back to default profiles: default
2021-07-26 08:48:07.149  INFO 10288 --- [main] c.l.s.SpringBootDemoApplication          : Started SpringBootDemoApplication in 1.301 seconds (JVM running for 1.931)
2021-07-26 08:48:48.111  INFO 9952 --- [main] c.l.s.SpringBootDemoApplication          : Starting SpringBootDemoApplication using Java 1.8.0_275 on LeosPC with PID 9952 (C:\Users\hikar\IdeaProjects\spring-boot-demo\target\classes started by hikar in C:\Users\hikar\IdeaProjects\spring-boot-demo)
2021-07-26 08:48:48.113 DEBUG 9952 --- [main] c.l.s.SpringBootDemoApplication          : Running with Spring Boot v2.5.3, Spring v5.3.9
2021-07-26 08:48:48.114  INFO 9952 --- [main] c.l.s.SpringBootDemoApplication          : No active profile set, falling back to default profiles: default
2021-07-26 08:48:49.060  INFO 9952 --- [main] c.l.s.SpringBootDemoApplication          : Started SpringBootDemoApplication in 1.299 seconds (JVM running for 1.92)
2021-07-26 11:41:37.034  INFO 14056 --- [main] c.l.s.SpringBootDemoApplication          : Starting SpringBootDemoApplication using Java 1.8.0_271 on DESKTOP-C572POF with PID 14056 (C:\Users\Leo\git\myFirstSpringBoot\target\classes started by 使用者 in C:\Users\Leo\git\myFirstSpringBoot)
2021-07-26 11:41:37.037 DEBUG 14056 --- [main] c.l.s.SpringBootDemoApplication          : Running with Spring Boot v2.5.3, Spring v5.3.9
2021-07-26 11:41:37.037  INFO 14056 --- [main] c.l.s.SpringBootDemoApplication          : No active profile set, falling back to default profiles: default
2021-07-26 11:41:38.036  INFO 14056 --- [main] c.l.s.SpringBootDemoApplication          : Started SpringBootDemoApplication in 1.711 seconds (JVM running for 2.393)
2021-07-26 11:58:24.495  INFO 12232 --- [main] c.l.s.SpringBootDemoApplication          : Starting SpringBootDemoApplication using Java 1.8.0_271 on DESKTOP-C572POF with PID 12232 (C:\Users\Leo\git\myFirstSpringBoot\target\classes started by 使用者 in C:\Users\Leo\git\myFirstSpringBoot)
2021-07-26 11:58:24.497 DEBUG 12232 --- [main] c.l.s.SpringBootDemoApplication          : Running with Spring Boot v2.5.3, Spring v5.3.9
2021-07-26 11:58:24.497  INFO 12232 --- [main] c.l.s.SpringBootDemoApplication          : No active profile set, falling back to default profiles: default
2021-07-26 12:07:55.390  INFO 14784 --- [main] c.l.s.SpringBootDemoApplication          : Starting SpringBootDemoApplication using Java 1.8.0_271 on DESKTOP-C572POF with PID 14784 (C:\Users\Leo\git\myFirstSpringBoot\target\classes started by 使用者 in C:\Users\Leo\git\myFirstSpringBoot)
2021-07-26 12:07:55.391 DEBUG 14784 --- [main] c.l.s.SpringBootDemoApplication          : Running with Spring Boot v2.5.3, Spring v5.3.9
2021-07-26 12:07:55.392  INFO 14784 --- [main] c.l.s.SpringBootDemoApplication          : No active profile set, falling back to default profiles: default
2021-07-26 12:07:55.858  WARN 14784 --- [main] ConfigServletWebServerApplicationContext : Exception encountered during context initialization - cancelling refresh attempt: org.springframework.context.ApplicationContextException: Unable to start web server; nested exception is org.springframework.beans.factory.BeanCreationException: Error creating bean with name 'tomcatServletWebServerFactory' defined in class path resource [org/springframework/boot/autoconfigure/web/servlet/ServletWebServerFactoryConfiguration$EmbeddedTomcat.class]: Initialization of bean failed; nested exception is org.springframework.beans.factory.UnsatisfiedDependencyException: Error creating bean with name 'servletWebServerFactoryCustomizer' defined in class path resource [org/springframework/boot/autoconfigure/web/servlet/ServletWebServerFactoryAutoConfiguration.class]: Unsatisfied dependency expressed through method 'servletWebServerFactoryCustomizer' parameter 0; nested exception is org.springframework.boot.context.properties.ConfigurationPropertiesBindException: Error creating bean with name 'server-org.springframework.boot.autoconfigure.web.ServerProperties': Could not bind properties to 'ServerProperties' : prefix=server, ignoreInvalidFields=false, ignoreUnknownFields=true; nested exception is org.springframework.boot.context.properties.bind.BindException: Failed to bind properties under 'server.servlet' to org.springframework.boot.autoconfigure.web.ServerProperties$Servlet
2021-07-26 12:07:55.874 ERROR 14784 --- [main] o.s.b.d.LoggingFailureAnalysisReporter   : 

***************************
APPLICATION FAILED TO START
***************************

Description:

Failed to bind properties under 'server.servlet' to org.springframework.boot.autoconfigure.web.ServerProperties$Servlet:

    Reason: org.springframework.core.convert.ConverterNotFoundException: No converter found capable of converting from type [java.lang.String] to type [org.springframework.boot.autoconfigure.web.ServerProperties$Servlet]

Action:

Update your application's configuration

2021-07-26 12:53:48.342  INFO 17796 --- [main] c.l.s.SpringBootDemoApplication          : Starting SpringBootDemoApplication using Java 1.8.0_271 on DESKTOP-C572POF with PID 17796 (C:\Users\Leo\git\myFirstSpringBoot\target\classes started by 使用者 in C:\Users\Leo\git\myFirstSpringBoot)
2021-07-26 12:53:48.344 DEBUG 17796 --- [main] c.l.s.SpringBootDemoApplication          : Running with Spring Boot v2.5.3, Spring v5.3.9
2021-07-26 12:53:48.344  INFO 17796 --- [main] c.l.s.SpringBootDemoApplication          : No active profile set, falling back to default profiles: default
2021-07-26 12:53:48.864  WARN 17796 --- [main] ConfigServletWebServerApplicationContext : Exception encountered during context initialization - cancelling refresh attempt: org.springframework.context.ApplicationContextException: Unable to start web server; nested exception is org.springframework.beans.factory.BeanCreationException: Error creating bean with name 'tomcatServletWebServerFactory' defined in class path resource [org/springframework/boot/autoconfigure/web/servlet/ServletWebServerFactoryConfiguration$EmbeddedTomcat.class]: Initialization of bean failed; nested exception is org.springframework.beans.factory.UnsatisfiedDependencyException: Error creating bean with name 'servletWebServerFactoryCustomizer' defined in class path resource [org/springframework/boot/autoconfigure/web/servlet/ServletWebServerFactoryAutoConfiguration.class]: Unsatisfied dependency expressed through method 'servletWebServerFactoryCustomizer' parameter 0; nested exception is org.springframework.boot.context.properties.ConfigurationPropertiesBindException: Error creating bean with name 'server-org.springframework.boot.autoconfigure.web.ServerProperties': Could not bind properties to 'ServerProperties' : prefix=server, ignoreInvalidFields=false, ignoreUnknownFields=true; nested exception is org.springframework.boot.context.properties.bind.BindException: Failed to bind properties under 'server.servlet' to org.springframework.boot.autoconfigure.web.ServerProperties$Servlet
2021-07-26 12:53:48.882 ERROR 17796 --- [main] o.s.b.d.LoggingFailureAnalysisReporter   : 

***************************
APPLICATION FAILED TO START
***************************

Description:

Failed to bind properties under 'server.servlet' to org.springframework.boot.autoconfigure.web.ServerProperties$Servlet:

    Reason: org.springframework.core.convert.ConverterNotFoundException: No converter found capable of converting from type [java.lang.String] to type [org.springframework.boot.autoconfigure.web.ServerProperties$Servlet]

Action:

Update your application's configuration

2021-07-26 12:54:09.115  INFO 10060 --- [main] c.l.s.SpringBootDemoApplication          : Starting SpringBootDemoApplication using Java 1.8.0_271 on DESKTOP-C572POF with PID 10060 (C:\Users\Leo\git\myFirstSpringBoot\target\classes started by 使用者 in C:\Users\Leo\git\myFirstSpringBoot)
2021-07-26 12:54:09.116 DEBUG 10060 --- [main] c.l.s.SpringBootDemoApplication          : Running with Spring Boot v2.5.3, Spring v5.3.9
2021-07-26 12:54:09.117  INFO 10060 --- [main] c.l.s.SpringBootDemoApplication          : No active profile set, falling back to default profiles: default
2021-07-26 12:54:09.578  WARN 10060 --- [main] ConfigServletWebServerApplicationContext : Exception encountered during context initialization - cancelling refresh attempt: org.springframework.context.ApplicationContextException: Unable to start web server; nested exception is org.springframework.beans.factory.BeanCreationException: Error creating bean with name 'tomcatServletWebServerFactory' defined in class path resource [org/springframework/boot/autoconfigure/web/servlet/ServletWebServerFactoryConfiguration$EmbeddedTomcat.class]: Initialization of bean failed; nested exception is org.springframework.beans.factory.UnsatisfiedDependencyException: Error creating bean with name 'servletWebServerFactoryCustomizer' defined in class path resource [org/springframework/boot/autoconfigure/web/servlet/ServletWebServerFactoryAutoConfiguration.class]: Unsatisfied dependency expressed through method 'servletWebServerFactoryCustomizer' parameter 0; nested exception is org.springframework.boot.context.properties.ConfigurationPropertiesBindException: Error creating bean with name 'server-org.springframework.boot.autoconfigure.web.ServerProperties': Could not bind properties to 'ServerProperties' : prefix=server, ignoreInvalidFields=false, ignoreUnknownFields=true; nested exception is org.springframework.boot.context.properties.bind.BindException: Failed to bind properties under 'server.servlet' to org.springframework.boot.autoconfigure.web.ServerProperties$Servlet
2021-07-26 12:54:09.594 ERROR 10060 --- [main] o.s.b.d.LoggingFailureAnalysisReporter   : 

***************************
APPLICATION FAILED TO START
***************************

Description:

Failed to bind properties under 'server.servlet' to org.springframework.boot.autoconfigure.web.ServerProperties$Servlet:

    Reason: org.springframework.core.convert.ConverterNotFoundException: No converter found capable of converting from type [java.lang.String] to type [org.springframework.boot.autoconfigure.web.ServerProperties$Servlet]

Action:

Update your application's configuration

2021-07-26 12:54:46.258  INFO 13588 --- [main] c.l.s.SpringBootDemoApplication          : Starting SpringBootDemoApplication using Java 1.8.0_271 on DESKTOP-C572POF with PID 13588 (C:\Users\Leo\git\myFirstSpringBoot\target\classes started by 使用者 in C:\Users\Leo\git\myFirstSpringBoot)
2021-07-26 12:54:46.259 DEBUG 13588 --- [main] c.l.s.SpringBootDemoApplication          : Running with Spring Boot v2.5.3, Spring v5.3.9
2021-07-26 12:54:46.259  INFO 13588 --- [main] c.l.s.SpringBootDemoApplication          : No active profile set, falling back to default profiles: default
2021-07-26 12:54:46.711  WARN 13588 --- [main] ConfigServletWebServerApplicationContext : Exception encountered during context initialization - cancelling refresh attempt: org.springframework.context.ApplicationContextException: Unable to start web server; nested exception is org.springframework.beans.factory.BeanCreationException: Error creating bean with name 'tomcatServletWebServerFactory' defined in class path resource [org/springframework/boot/autoconfigure/web/servlet/ServletWebServerFactoryConfiguration$EmbeddedTomcat.class]: Initialization of bean failed; nested exception is org.springframework.beans.factory.UnsatisfiedDependencyException: Error creating bean with name 'servletWebServerFactoryCustomizer' defined in class path resource [org/springframework/boot/autoconfigure/web/servlet/ServletWebServerFactoryAutoConfiguration.class]: Unsatisfied dependency expressed through method 'servletWebServerFactoryCustomizer' parameter 0; nested exception is org.springframework.boot.context.properties.ConfigurationPropertiesBindException: Error creating bean with name 'server-org.springframework.boot.autoconfigure.web.ServerProperties': Could not bind properties to 'ServerProperties' : prefix=server, ignoreInvalidFields=false, ignoreUnknownFields=true; nested exception is org.springframework.boot.context.properties.bind.BindException: Failed to bind properties under 'server.servlet' to org.springframework.boot.autoconfigure.web.ServerProperties$Servlet
2021-07-26 12:54:46.727 ERROR 13588 --- [main] o.s.b.d.LoggingFailureAnalysisReporter   : 

***************************
APPLICATION FAILED TO START
***************************

Description:

Failed to bind properties under 'server.servlet' to org.springframework.boot.autoconfigure.web.ServerProperties$Servlet:

    Reason: org.springframework.core.convert.ConverterNotFoundException: No converter found capable of converting from type [java.lang.String] to type [org.springframework.boot.autoconfigure.web.ServerProperties$Servlet]

Action:

Update your application's configuration

2021-07-26 12:55:34.769  INFO 8940 --- [main] c.l.s.SpringBootDemoApplication          : Starting SpringBootDemoApplication using Java 1.8.0_271 on DESKTOP-C572POF with PID 8940 (C:\Users\Leo\git\myFirstSpringBoot\target\classes started by 使用者 in C:\Users\Leo\git\myFirstSpringBoot)
2021-07-26 12:55:34.770 DEBUG 8940 --- [main] c.l.s.SpringBootDemoApplication          : Running with Spring Boot v2.5.3, Spring v5.3.9
2021-07-26 12:55:34.771  INFO 8940 --- [main] c.l.s.SpringBootDemoApplication          : No active profile set, falling back to default profiles: default
2021-07-26 12:55:35.597  INFO 8940 --- [main] c.l.s.SpringBootDemoApplication          : Started SpringBootDemoApplication in 1.136 seconds (JVM running for 1.588)
2021-07-26 12:55:39.102  WARN 8940 --- [http-nio-8080-exec-1] .w.s.m.s.DefaultHandlerExceptionResolver : Resolved [org.springframework.web.bind.MissingPathVariableException: Required URI template variable 'username' for method parameter type String is not present]
2021-07-26 12:55:51.208  WARN 8940 --- [http-nio-8080-exec-3] .w.s.m.s.DefaultHandlerExceptionResolver : Resolved [org.springframework.web.bind.MissingPathVariableException: Required URI template variable 'username' for method parameter type String is not present]
2021-07-26 12:56:42.520  WARN 8940 --- [http-nio-8080-exec-5] .w.s.m.s.DefaultHandlerExceptionResolver : Resolved [org.springframework.web.bind.MissingPathVariableException: Required URI template variable 'username' for method parameter type String is not present]
2021-07-26 12:57:08.060  INFO 21088 --- [main] c.l.s.SpringBootDemoApplication          : Starting SpringBootDemoApplication using Java 1.8.0_271 on DESKTOP-C572POF with PID 21088 (C:\Users\Leo\git\myFirstSpringBoot\target\classes started by 使用者 in C:\Users\Leo\git\myFirstSpringBoot)
2021-07-26 12:57:08.062 DEBUG 21088 --- [main] c.l.s.SpringBootDemoApplication          : Running with Spring Boot v2.5.3, Spring v5.3.9
2021-07-26 12:57:08.062  INFO 21088 --- [main] c.l.s.SpringBootDemoApplication          : No active profile set, falling back to default profiles: default
2021-07-26 12:57:08.925  INFO 21088 --- [main] c.l.s.SpringBootDemoApplication          : Started SpringBootDemoApplication in 1.186 seconds (JVM running for 1.658)
2021-07-26 13:00:04.852  INFO 11712 --- [main] c.l.s.SpringBootDemoApplication          : Starting SpringBootDemoApplication using Java 1.8.0_271 on DESKTOP-C572POF with PID 11712 (C:\Users\Leo\git\myFirstSpringBoot\target\classes started by 使用者 in C:\Users\Leo\git\myFirstSpringBoot)
2021-07-26 13:00:04.854 DEBUG 11712 --- [main] c.l.s.SpringBootDemoApplication          : Running with Spring Boot v2.5.3, Spring v5.3.9
2021-07-26 13:00:04.854  INFO 11712 --- [main] c.l.s.SpringBootDemoApplication          : No active profile set, falling back to default profiles: default
2021-07-26 13:00:05.510  WARN 11712 --- [main] ConfigServletWebServerApplicationContext : Exception encountered during context initialization - cancelling refresh attempt: org.springframework.beans.factory.BeanCreationException: Error creating bean with name 'helloController': Injection of autowired dependencies failed; nested exception is java.lang.IllegalArgumentException: Could not resolve placeholder 'book.description' in value "${book.description}"
2021-07-26 13:00:05.534 ERROR 11712 --- [main] o.s.boot.SpringApplication               : Application run failed

org.springframework.beans.factory.BeanCreationException: Error creating bean with name 'helloController': Injection of autowired dependencies failed; nested exception is java.lang.IllegalArgumentException: Could not resolve placeholder 'book.description' in value "${book.description}"
	at org.springframework.beans.factory.annotation.AutowiredAnnotationBeanPostProcessor.postProcessProperties(AutowiredAnnotationBeanPostProcessor.java:405) ~[spring-beans-5.3.9.jar:5.3.9]
	at org.springframework.beans.factory.support.AbstractAutowireCapableBeanFactory.populateBean(AbstractAutowireCapableBeanFactory.java:1413) ~[spring-beans-5.3.9.jar:5.3.9]
	at org.springframework.beans.factory.support.AbstractAutowireCapableBeanFactory.doCreateBean(AbstractAutowireCapableBeanFactory.java:601) ~[spring-beans-5.3.9.jar:5.3.9]
	at org.springframework.beans.factory.support.AbstractAutowireCapableBeanFactory.createBean(AbstractAutowireCapableBeanFactory.java:524) ~[spring-beans-5.3.9.jar:5.3.9]
	at org.springframework.beans.factory.support.AbstractBeanFactory.lambda$doGetBean$0(AbstractBeanFactory.java:335) ~[spring-beans-5.3.9.jar:5.3.9]
	at org.springframework.beans.factory.support.DefaultSingletonBeanRegistry.getSingleton(DefaultSingletonBeanRegistry.java:234) ~[spring-beans-5.3.9.jar:5.3.9]
	at org.springframework.beans.factory.support.AbstractBeanFactory.doGetBean(AbstractBeanFactory.java:333) ~[spring-beans-5.3.9.jar:5.3.9]
	at org.springframework.beans.factory.support.AbstractBeanFactory.getBean(AbstractBeanFactory.java:208) ~[spring-beans-5.3.9.jar:5.3.9]
	at org.springframework.beans.factory.support.DefaultListableBeanFactory.preInstantiateSingletons(DefaultListableBeanFactory.java:944) ~[spring-beans-5.3.9.jar:5.3.9]
	at org.springframework.context.support.AbstractApplicationContext.finishBeanFactoryInitialization(AbstractApplicationContext.java:918) ~[spring-context-5.3.9.jar:5.3.9]
	at org.springframework.context.support.AbstractApplicationContext.refresh(AbstractApplicationContext.java:583) ~[spring-context-5.3.9.jar:5.3.9]
	at org.springframework.boot.web.servlet.context.ServletWebServerApplicationContext.refresh(ServletWebServerApplicationContext.java:145) ~[spring-boot-2.5.3.jar:2.5.3]
	at org.springframework.boot.SpringApplication.refresh(SpringApplication.java:754) [spring-boot-2.5.3.jar:2.5.3]
	at org.springframework.boot.SpringApplication.refreshContext(SpringApplication.java:434) [spring-boot-2.5.3.jar:2.5.3]
	at org.springframework.boot.SpringApplication.run(SpringApplication.java:338) [spring-boot-2.5.3.jar:2.5.3]
	at org.springframework.boot.SpringApplication.run(SpringApplication.java:1343) [spring-boot-2.5.3.jar:2.5.3]
	at org.springframework.boot.SpringApplication.run(SpringApplication.java:1332) [spring-boot-2.5.3.jar:2.5.3]
	at com.leo.springbootdemo.SpringBootDemoApplication.main(SpringBootDemoApplication.java:10) [classes/:na]
Caused by: java.lang.IllegalArgumentException: Could not resolve placeholder 'book.description' in value "${book.description}"
	at org.springframework.util.PropertyPlaceholderHelper.parseStringValue(PropertyPlaceholderHelper.java:180) ~[spring-core-5.3.9.jar:5.3.9]
	at org.springframework.util.PropertyPlaceholderHelper.replacePlaceholders(PropertyPlaceholderHelper.java:126) ~[spring-core-5.3.9.jar:5.3.9]
	at org.springframework.core.env.AbstractPropertyResolver.doResolvePlaceholders(AbstractPropertyResolver.java:239) ~[spring-core-5.3.9.jar:5.3.9]
	at org.springframework.core.env.AbstractPropertyResolver.resolveRequiredPlaceholders(AbstractPropertyResolver.java:210) ~[spring-core-5.3.9.jar:5.3.9]
	at org.springframework.context.support.PropertySourcesPlaceholderConfigurer.lambda$processProperties$0(PropertySourcesPlaceholderConfigurer.java:175) ~[spring-context-5.3.9.jar:5.3.9]
	at org.springframework.beans.factory.support.AbstractBeanFactory.resolveEmbeddedValue(AbstractBeanFactory.java:936) ~[spring-beans-5.3.9.jar:5.3.9]
	at org.springframework.beans.factory.support.DefaultListableBeanFactory.doResolveDependency(DefaultListableBeanFactory.java:1321) ~[spring-beans-5.3.9.jar:5.3.9]
	at org.springframework.beans.factory.support.DefaultListableBeanFactory.resolveDependency(DefaultListableBeanFactory.java:1300) ~[spring-beans-5.3.9.jar:5.3.9]
	at org.springframework.beans.factory.annotation.AutowiredAnnotationBeanPostProcessor$AutowiredFieldElement.resolveFieldValue(AutowiredAnnotationBeanPostProcessor.java:657) ~[spring-beans-5.3.9.jar:5.3.9]
	at org.springframework.beans.factory.annotation.AutowiredAnnotationBeanPostProcessor$AutowiredFieldElement.inject(AutowiredAnnotationBeanPostProcessor.java:640) ~[spring-beans-5.3.9.jar:5.3.9]
	at org.springframework.beans.factory.annotation.InjectionMetadata.inject(InjectionMetadata.java:119) ~[spring-beans-5.3.9.jar:5.3.9]
	at org.springframework.beans.factory.annotation.AutowiredAnnotationBeanPostProcessor.postProcessProperties(AutowiredAnnotationBeanPostProcessor.java:399) ~[spring-beans-5.3.9.jar:5.3.9]
	... 17 common frames omitted

2021-07-26 13:00:41.693  INFO 14256 --- [main] c.l.s.SpringBootDemoApplication          : Starting SpringBootDemoApplication using Java 1.8.0_271 on DESKTOP-C572POF with PID 14256 (C:\Users\Leo\git\myFirstSpringBoot\target\classes started by 使用者 in C:\Users\Leo\git\myFirstSpringBoot)
2021-07-26 13:00:41.695 DEBUG 14256 --- [main] c.l.s.SpringBootDemoApplication          : Running with Spring Boot v2.5.3, Spring v5.3.9
2021-07-26 13:00:41.695  INFO 14256 --- [main] c.l.s.SpringBootDemoApplication          : No active profile set, falling back to default profiles: default
2021-07-26 13:00:42.510  INFO 14256 --- [main] c.l.s.SpringBootDemoApplication          : Started SpringBootDemoApplication in 1.125 seconds (JVM running for 1.584)
2021-07-26 13:01:36.618  INFO 5484 --- [main] c.l.s.SpringBootDemoApplication          : Starting SpringBootDemoApplication using Java 1.8.0_271 on DESKTOP-C572POF with PID 5484 (C:\Users\Leo\git\myFirstSpringBoot\target\classes started by 使用者 in C:\Users\Leo\git\myFirstSpringBoot)
2021-07-26 13:01:36.621 DEBUG 5484 --- [main] c.l.s.SpringBootDemoApplication          : Running with Spring Boot v2.5.3, Spring v5.3.9
2021-07-26 13:01:36.621  INFO 5484 --- [main] c.l.s.SpringBootDemoApplication          : No active profile set, falling back to default profiles: default
2021-07-26 13:01:37.470  INFO 5484 --- [main] c.l.s.SpringBootDemoApplication          : Started SpringBootDemoApplication in 1.175 seconds (JVM running for 1.668)
2021-07-26 13:02:13.816  INFO 8296 --- [main] c.l.s.SpringBootDemoApplication          : Starting SpringBootDemoApplication using Java 1.8.0_271 on DESKTOP-C572POF with PID 8296 (C:\Users\Leo\git\myFirstSpringBoot\target\classes started by 使用者 in C:\Users\Leo\git\myFirstSpringBoot)
2021-07-26 13:02:13.818 DEBUG 8296 --- [main] c.l.s.SpringBootDemoApplication          : Running with Spring Boot v2.5.3, Spring v5.3.9
2021-07-26 13:02:13.819  INFO 8296 --- [main] c.l.s.SpringBootDemoApplication          : No active profile set, falling back to default profiles: default
2021-07-26 13:02:14.679  INFO 8296 --- [main] c.l.s.SpringBootDemoApplication          : Started SpringBootDemoApplication in 1.184 seconds (JVM running for 1.657)
2021-07-26 13:38:04.431  INFO 15720 --- [main] c.l.s.SpringBootDemoApplication          : Starting SpringBootDemoApplication using Java 1.8.0_271 on DESKTOP-C572POF with PID 15720 (C:\Users\Leo\git\myFirstSpringBoot\target\classes started by 使用者 in C:\Users\Leo\git\myFirstSpringBoot)
2021-07-26 13:38:04.433 DEBUG 15720 --- [main] c.l.s.SpringBootDemoApplication          : Running with Spring Boot v2.5.3, Spring v5.3.9
2021-07-26 13:38:04.433  INFO 15720 --- [main] c.l.s.SpringBootDemoApplication          : No active profile set, falling back to default profiles: default
2021-07-26 13:38:05.299  INFO 15720 --- [main] c.l.s.SpringBootDemoApplication          : Started SpringBootDemoApplication in 1.193 seconds (JVM running for 1.661)
